TN:
SF:index.js
FN:28,(anonymous_0)
FN:42,(anonymous_1)
FN:48,(anonymous_2)
FN:69,(anonymous_3)
FN:75,(anonymous_4)
FN:79,(anonymous_5)
FN:83,(anonymous_6)
FN:89,(anonymous_7)
FN:98,(anonymous_8)
FN:110,(anonymous_9)
FN:122,(anonymous_10)
FN:126,(anonymous_11)
FN:141,(anonymous_12)
FN:155,(anonymous_13)
FN:159,(anonymous_14)
FN:168,(anonymous_15)
FN:186,(anonymous_16)
FN:201,(anonymous_17)
FN:204,(anonymous_18)
FN:213,(anonymous_19)
FN:226,(anonymous_20)
FN:240,(anonymous_21)
FN:259,(anonymous_22)
FN:264,(anonymous_23)
FN:271,(anonymous_24)
FN:281,(anonymous_25)
FN:297,(anonymous_26)
FN:301,(anonymous_27)
FN:317,(anonymous_28)
FN:322,(anonymous_29)
FN:338,(anonymous_30)
FN:348,(anonymous_31)
FN:355,(anonymous_32)
FN:377,(anonymous_33)
FN:385,(anonymous_34)
FN:402,(anonymous_35)
FN:419,(anonymous_36)
FN:437,(anonymous_37)
FN:452,(anonymous_38)
FN:468,(anonymous_39)
FN:484,(anonymous_40)
FN:497,(anonymous_41)
FN:507,(anonymous_42)
FN:520,(anonymous_43)
FN:531,(anonymous_44)
FN:541,(anonymous_45)
FN:554,(anonymous_46)
FN:572,(anonymous_47)
FN:580,(anonymous_48)
FN:591,(anonymous_49)
FN:604,(anonymous_50)
FN:609,(anonymous_51)
FN:624,(anonymous_52)
FN:634,(anonymous_53)
FN:639,(anonymous_54)
FN:650,(anonymous_55)
FN:662,(anonymous_56)
FN:669,(anonymous_57)
FN:690,(anonymous_58)
FN:704,(anonymous_59)
FN:716,(anonymous_60)
FN:732,(anonymous_61)
FN:742,(anonymous_62)
FN:757,(anonymous_63)
FN:766,(anonymous_64)
FN:771,(anonymous_65)
FN:778,(anonymous_66)
FN:799,(anonymous_67)
FN:802,(anonymous_68)
FN:811,(anonymous_69)
FN:820,(anonymous_70)
FN:842,(anonymous_71)
FN:857,(anonymous_72)
FN:886,(anonymous_73)
FN:912,(anonymous_74)
FN:927,(anonymous_75)
FN:941,(anonymous_76)
FN:965,(anonymous_77)
FN:1006,(anonymous_78)
FN:1027,(anonymous_79)
FN:1036,(anonymous_80)
FN:1057,(anonymous_81)
FN:1068,(anonymous_82)
FN:1085,(anonymous_83)
FN:1095,(anonymous_84)
FN:1108,(anonymous_85)
FN:1119,(anonymous_86)
FN:1141,(anonymous_87)
FN:1156,(anonymous_88)
FN:1179,(anonymous_89)
FN:1189,(anonymous_90)
FN:1207,(anonymous_91)
FN:1218,(anonymous_92)
FN:1236,(anonymous_93)
FN:1265,(anonymous_94)
FN:1274,(anonymous_95)
FN:1281,(anonymous_96)
FN:1291,(anonymous_97)
FN:1299,(anonymous_98)
FN:1316,(anonymous_99)
FN:1340,(anonymous_100)
FN:1358,(anonymous_101)
FN:1377,(anonymous_102)
FN:1410,(anonymous_103)
FN:1431,(anonymous_104)
FN:1440,(anonymous_105)
FN:1463,(anonymous_106)
FN:1475,(anonymous_107)
FN:1482,(anonymous_108)
FN:1497,(anonymous_109)
FN:1506,(anonymous_110)
FN:1528,(anonymous_111)
FN:1537,(anonymous_112)
FN:1557,(anonymous_113)
FN:1567,(anonymous_114)
FN:1590,(anonymous_115)
FN:1602,(anonymous_116)
FN:1618,(anonymous_117)
FN:1626,(anonymous_118)
FN:1641,(anonymous_119)
FN:1646,(anonymous_120)
FN:1662,(anonymous_121)
FN:1667,(anonymous_122)
FN:1680,(anonymous_123)
FN:1688,(anonymous_124)
FN:1713,(anonymous_125)
FN:1719,(anonymous_126)
FN:1746,(anonymous_127)
FN:1748,(anonymous_128)
FN:1758,(anonymous_129)
FN:1762,(anonymous_130)
FN:1773,(anonymous_131)
FN:1782,(anonymous_132)
FN:1792,(anonymous_133)
FN:1799,(anonymous_134)
FN:1815,(anonymous_135)
FNF:136
FNH:47
FNDA:0,(anonymous_0)
FNDA:0,(anonymous_1)
FNDA:1,(anonymous_2)
FNDA:1,(anonymous_3)
FNDA:1,(anonymous_4)
FNDA:1,(anonymous_5)
FNDA:0,(anonymous_6)
FNDA:2,(anonymous_7)
FNDA:1,(anonymous_8)
FNDA:0,(anonymous_9)
FNDA:2,(anonymous_10)
FNDA:2,(anonymous_11)
FNDA:0,(anonymous_12)
FNDA:2,(anonymous_13)
FNDA:2,(anonymous_14)
FNDA:0,(anonymous_15)
FNDA:0,(anonymous_16)
FNDA:2,(anonymous_17)
FNDA:2,(anonymous_18)
FNDA:2,(anonymous_19)
FNDA:0,(anonymous_20)
FNDA:2,(anonymous_21)
FNDA:0,(anonymous_22)
FNDA:11,(anonymous_23)
FNDA:1,(anonymous_24)
FNDA:1,(anonymous_25)
FNDA:2,(anonymous_26)
FNDA:2,(anonymous_27)
FNDA:3,(anonymous_28)
FNDA:3,(anonymous_29)
FNDA:2,(anonymous_30)
FNDA:2,(anonymous_31)
FNDA:2,(anonymous_32)
FNDA:2,(anonymous_33)
FNDA:2,(anonymous_34)
FNDA:0,(anonymous_35)
FNDA:1,(anonymous_36)
FNDA:0,(anonymous_37)
FNDA:1,(anonymous_38)
FNDA:1,(anonymous_39)
FNDA:1,(anonymous_40)
FNDA:2,(anonymous_41)
FNDA:1,(anonymous_42)
FNDA:1,(anonymous_43)
FNDA:0,(anonymous_44)
FNDA:0,(anonymous_45)
FNDA:0,(anonymous_46)
FNDA:2,(anonymous_47)
FNDA:1,(anonymous_48)
FNDA:1,(anonymous_49)
FNDA:2,(anonymous_50)
FNDA:2,(anonymous_51)
FNDA:0,(anonymous_52)
FNDA:2,(anonymous_53)
FNDA:2,(anonymous_54)
FNDA:0,(anonymous_55)
FNDA:1,(anonymous_56)
FNDA:1,(anonymous_57)
FNDA:1,(anonymous_58)
FNDA:1,(anonymous_59)
FNDA:1,(anonymous_60)
FNDA:2,(anonymous_61)
FNDA:1,(anonymous_62)
FNDA:0,(anonymous_63)
FNDA:0,(anonymous_64)
FNDA:0,(anonymous_65)
FNDA:0,(anonymous_66)
FNDA:0,(anonymous_67)
FNDA:0,(anonymous_68)
FNDA:0,(anonymous_69)
FNDA:0,(anonymous_70)
FNDA:0,(anonymous_71)
FNDA:0,(anonymous_72)
FNDA:0,(anonymous_73)
FNDA:0,(anonymous_74)
FNDA:0,(anonymous_75)
FNDA:0,(anonymous_76)
FNDA:0,(anonymous_77)
FNDA:0,(anonymous_78)
FNDA:0,(anonymous_79)
FNDA:0,(anonymous_80)
FNDA:0,(anonymous_81)
FNDA:0,(anonymous_82)
FNDA:0,(anonymous_83)
FNDA:0,(anonymous_84)
FNDA:0,(anonymous_85)
FNDA:0,(anonymous_86)
FNDA:0,(anonymous_87)
FNDA:0,(anonymous_88)
FNDA:0,(anonymous_89)
FNDA:0,(anonymous_90)
FNDA:0,(anonymous_91)
FNDA:0,(anonymous_92)
FNDA:0,(anonymous_93)
FNDA:0,(anonymous_94)
FNDA:0,(anonymous_95)
FNDA:0,(anonymous_96)
FNDA:0,(anonymous_97)
FNDA:0,(anonymous_98)
FNDA:0,(anonymous_99)
FNDA:0,(anonymous_100)
FNDA:0,(anonymous_101)
FNDA:0,(anonymous_102)
FNDA:0,(anonymous_103)
FNDA:0,(anonymous_104)
FNDA:0,(anonymous_105)
FNDA:0,(anonymous_106)
FNDA:0,(anonymous_107)
FNDA:0,(anonymous_108)
FNDA:0,(anonymous_109)
FNDA:0,(anonymous_110)
FNDA:0,(anonymous_111)
FNDA:0,(anonymous_112)
FNDA:0,(anonymous_113)
FNDA:0,(anonymous_114)
FNDA:0,(anonymous_115)
FNDA:0,(anonymous_116)
FNDA:0,(anonymous_117)
FNDA:0,(anonymous_118)
FNDA:0,(anonymous_119)
FNDA:0,(anonymous_120)
FNDA:0,(anonymous_121)
FNDA:0,(anonymous_122)
FNDA:0,(anonymous_123)
FNDA:0,(anonymous_124)
FNDA:0,(anonymous_125)
FNDA:0,(anonymous_126)
FNDA:0,(anonymous_127)
FNDA:0,(anonymous_128)
FNDA:0,(anonymous_129)
FNDA:0,(anonymous_130)
FNDA:0,(anonymous_131)
FNDA:0,(anonymous_132)
FNDA:0,(anonymous_133)
FNDA:0,(anonymous_134)
FNDA:0,(anonymous_135)
DA:1,1
DA:2,1
DA:3,1
DA:4,1
DA:5,1
DA:6,1
DA:7,1
DA:8,1
DA:9,1
DA:12,1
DA:15,1
DA:16,1
DA:23,1
DA:24,1
DA:26,1
DA:28,1
DA:29,0
DA:31,0
DA:32,0
DA:33,0
DA:34,0
DA:37,0
DA:40,0
DA:42,0
DA:43,0
DA:48,1
DA:49,1
DA:53,1
DA:58,1
DA:61,1
DA:69,1
DA:70,1
DA:71,1
DA:75,1
DA:76,1
DA:79,1
DA:80,1
DA:81,1
DA:83,1
DA:84,0
DA:89,1
DA:90,2
DA:92,2
DA:93,1
DA:97,1
DA:98,1
DA:99,1
DA:100,0
DA:101,0
DA:104,1
DA:105,1
DA:109,0
DA:110,0
DA:111,0
DA:112,0
DA:113,0
DA:116,0
DA:122,1
DA:123,2
DA:125,2
DA:126,2
DA:127,2
DA:128,0
DA:129,0
DA:132,2
DA:133,1
DA:135,1
DA:141,1
DA:142,0
DA:144,0
DA:145,0
DA:146,0
DA:147,0
DA:149,0
DA:155,1
DA:156,2
DA:158,2
DA:159,2
DA:160,2
DA:161,0
DA:162,0
DA:164,2
DA:168,1
DA:169,0
DA:171,0
DA:172,0
DA:175,0
DA:186,0
DA:187,0
DA:188,0
DA:189,0
DA:192,0
DA:193,0
DA:196,0
DA:201,1
DA:202,2
DA:204,2
DA:205,2
DA:206,0
DA:207,0
DA:209,2
DA:213,1
DA:214,2
DA:216,2
DA:219,2
DA:224,2
DA:225,0
DA:226,0
DA:230,2
DA:231,0
DA:235,2
DA:236,0
DA:240,2
DA:241,2
DA:242,0
DA:243,0
DA:247,2
DA:248,0
DA:257,0
DA:258,0
DA:259,0
DA:260,0
DA:261,0
DA:264,11
DA:265,2
DA:271,1
DA:272,1
DA:273,1
DA:276,1
DA:281,1
DA:282,1
DA:283,0
DA:284,0
DA:287,1
DA:288,1
DA:291,0
DA:297,1
DA:298,2
DA:300,2
DA:301,2
DA:302,2
DA:303,0
DA:304,0
DA:307,2
DA:308,2
DA:311,0
DA:317,1
DA:318,3
DA:321,3
DA:322,3
DA:323,3
DA:324,2
DA:325,2
DA:328,1
DA:329,1
DA:332,0
DA:338,1
DA:339,2
DA:342,2
DA:345,2
DA:348,2
DA:349,2
DA:350,0
DA:351,0
DA:355,2
DA:356,2
DA:357,0
DA:358,0
DA:362,2
DA:368,2
DA:369,0
DA:373,2
DA:377,1
DA:378,2
DA:380,2
DA:383,2
DA:385,2
DA:386,2
DA:387,0
DA:388,0
DA:392,2
DA:393,2
DA:395,0
DA:396,0
DA:402,1
DA:404,0
DA:410,0
DA:412,0
DA:413,0
DA:415,0
DA:416,0
DA:419,1
DA:421,1
DA:427,1
DA:429,1
DA:430,1
DA:432,0
DA:433,0
DA:437,1
DA:438,0
DA:441,0
DA:443,0
DA:445,0
DA:446,0
DA:448,0
DA:449,0
DA:452,1
DA:453,1
DA:456,1
DA:458,1
DA:460,1
DA:461,1
DA:463,0
DA:464,0
DA:468,1
DA:470,1
DA:475,1
DA:477,1
DA:478,1
DA:480,0
DA:481,0
DA:484,1
DA:485,1
DA:487,1
DA:489,1
DA:490,1
DA:492,0
DA:493,0
DA:497,1
DA:498,2
DA:500,2
DA:501,1
DA:505,1
DA:507,1
DA:508,1
DA:509,0
DA:510,0
DA:513,1
DA:514,0
DA:518,1
DA:520,1
DA:521,1
DA:522,0
DA:523,0
DA:527,1
DA:531,1
DA:532,0
DA:534,0
DA:535,0
DA:539,0
DA:541,0
DA:542,0
DA:543,0
DA:544,0
DA:547,0
DA:548,0
DA:552,0
DA:554,0
DA:555,0
DA:556,0
DA:557,0
DA:561,0
DA:572,1
DA:573,2
DA:575,2
DA:576,1
DA:580,1
DA:581,1
DA:582,1
DA:584,1
DA:586,1
DA:591,1
DA:592,1
DA:593,0
DA:594,0
DA:596,1
DA:604,1
DA:605,2
DA:606,2
DA:609,2
DA:610,2
DA:611,0
DA:612,0
DA:615,2
DA:616,2
DA:619,0
DA:620,0
DA:624,0
DA:625,0
DA:626,0
DA:634,1
DA:636,2
DA:637,2
DA:639,2
DA:640,2
DA:641,2
DA:643,0
DA:644,0
DA:647,0
DA:651,0
DA:652,0
DA:662,1
DA:663,1
DA:665,1
DA:666,0
DA:669,1
DA:670,1
DA:671,1
DA:673,1
DA:675,1
DA:684,1
DA:685,1
DA:688,1
DA:690,1
DA:691,1
DA:692,0
DA:693,0
DA:695,1
DA:704,1
DA:705,1
DA:707,1
DA:716,1
DA:717,1
DA:718,0
DA:719,0
DA:722,1
DA:723,1
DA:726,0
DA:732,1
DA:733,2
DA:734,2
DA:736,2
DA:737,1
DA:738,1
DA:742,1
DA:743,1
DA:744,0
DA:745,0
DA:748,1
DA:749,1
DA:752,0
DA:753,0
DA:757,0
DA:758,0
DA:759,0
DA:760,0
DA:763,0
DA:765,0
DA:766,0
DA:767,0
DA:768,0
DA:771,0
DA:772,0
DA:773,0
DA:778,0
DA:779,0
DA:780,0
DA:799,1
DA:800,0
DA:802,0
DA:803,0
DA:804,0
DA:805,0
DA:807,0
DA:811,1
DA:812,0
DA:814,0
DA:815,0
DA:818,0
DA:820,0
DA:821,0
DA:822,0
DA:823,0
DA:828,0
DA:829,0
DA:834,0
DA:842,1
DA:843,0
DA:845,0
DA:846,0
DA:850,0
DA:857,0
DA:858,0
DA:859,0
DA:860,0
DA:863,0
DA:864,0
DA:867,0
DA:868,0
DA:871,0
DA:883,0
DA:886,0
DA:887,0
DA:888,0
DA:889,0
DA:893,0
DA:894,0
DA:897,0
DA:906,0
DA:909,0
DA:912,0
DA:914,0
DA:917,0
DA:921,0
DA:922,0
DA:927,1
DA:928,0
DA:930,0
DA:931,0
DA:936,0
DA:941,0
DA:942,0
DA:943,0
DA:944,0
DA:949,0
DA:965,1
DA:966,0
DA:967,0
DA:969,0
DA:970,0
DA:975,0
DA:976,0
DA:977,0
DA:978,0
DA:979,0
DA:981,0
DA:982,0
DA:983,0
DA:985,0
DA:986,0
DA:987,0
DA:989,0
DA:990,0
DA:991,0
DA:993,0
DA:994,0
DA:995,0
DA:998,0
DA:1000,0
DA:1006,0
DA:1007,0
DA:1008,0
DA:1009,0
DA:1014,0
DA:1015,0
DA:1020,0
DA:1027,1
DA:1028,0
DA:1030,0
DA:1031,0
DA:1034,0
DA:1036,0
DA:1037,0
DA:1038,0
DA:1039,0
DA:1044,0
DA:1045,0
DA:1050,0
DA:1057,1
DA:1058,0
DA:1060,0
DA:1068,0
DA:1069,0
DA:1070,0
DA:1071,0
DA:1074,0
DA:1075,0
DA:1078,0
DA:1085,1
DA:1086,0
DA:1095,0
DA:1096,0
DA:1097,0
DA:1098,0
DA:1101,0
DA:1108,1
DA:1109,0
DA:1111,0
DA:1119,0
DA:1120,0
DA:1121,0
DA:1122,0
DA:1127,0
DA:1128,0
DA:1133,0
DA:1141,1
DA:1142,0
DA:1147,0
DA:1148,0
DA:1149,0
DA:1151,0
DA:1152,0
DA:1156,1
DA:1157,0
DA:1158,0
DA:1160,0
DA:1161,0
DA:1164,0
DA:1165,0
DA:1166,0
DA:1168,0
DA:1169,0
DA:1179,1
DA:1180,0
DA:1182,0
DA:1183,0
DA:1187,0
DA:1189,0
DA:1190,0
DA:1191,0
DA:1192,0
DA:1195,0
DA:1196,0
DA:1199,0
DA:1202,0
DA:1207,0
DA:1208,0
DA:1209,0
DA:1210,0
DA:1213,0
DA:1216,0
DA:1218,0
DA:1219,0
DA:1220,0
DA:1221,0
DA:1224,0
DA:1225,0
DA:1226,0
DA:1229,0
DA:1234,0
DA:1236,0
DA:1237,0
DA:1238,0
DA:1239,0
DA:1243,0
DA:1244,0
DA:1245,0
DA:1251,0
DA:1252,0
DA:1255,0
DA:1265,1
DA:1266,0
DA:1267,0
DA:1269,0
DA:1270,0
DA:1274,0
DA:1275,0
DA:1276,0
DA:1277,0
DA:1281,0
DA:1282,0
DA:1283,0
DA:1284,0
DA:1287,0
DA:1288,0
DA:1291,0
DA:1292,0
DA:1293,0
DA:1294,0
DA:1297,0
DA:1299,0
DA:1300,0
DA:1301,0
DA:1302,0
DA:1305,0
DA:1306,0
DA:1307,0
DA:1310,0
DA:1315,0
DA:1317,0
DA:1318,0
DA:1319,0
DA:1322,0
DA:1325,0
DA:1326,0
DA:1333,0
DA:1340,1
DA:1346,0
DA:1348,0
DA:1358,0
DA:1359,0
DA:1360,0
DA:1361,0
DA:1366,0
DA:1367,0
DA:1370,0
DA:1377,1
DA:1378,0
DA:1379,0
DA:1381,0
DA:1382,0
DA:1387,0
DA:1388,0
DA:1389,0
DA:1390,0
DA:1391,0
DA:1393,0
DA:1394,0
DA:1395,0
DA:1397,0
DA:1398,0
DA:1399,0
DA:1402,0
DA:1404,0
DA:1410,0
DA:1411,0
DA:1412,0
DA:1413,0
DA:1418,0
DA:1419,0
DA:1424,0
DA:1431,1
DA:1432,0
DA:1434,0
DA:1435,0
DA:1438,0
DA:1440,0
DA:1441,0
DA:1442,0
DA:1443,0
DA:1448,0
DA:1449,0
DA:1454,0
DA:1463,1
DA:1464,0
DA:1466,0
DA:1475,0
DA:1476,0
DA:1477,0
DA:1478,0
DA:1482,0
DA:1490,0
DA:1497,1
DA:1498,0
DA:1500,0
DA:1506,0
DA:1507,0
DA:1508,0
DA:1509,0
DA:1514,0
DA:1515,0
DA:1520,0
DA:1528,1
DA:1529,0
DA:1531,0
DA:1537,0
DA:1538,0
DA:1539,0
DA:1540,0
DA:1545,0
DA:1546,0
DA:1551,0
DA:1557,1
DA:1558,0
DA:1559,0
DA:1561,0
DA:1567,0
DA:1568,0
DA:1569,0
DA:1570,0
DA:1575,0
DA:1590,1
DA:1591,0
DA:1593,0
DA:1594,0
DA:1597,0
DA:1602,0
DA:1603,0
DA:1605,0
DA:1613,0
DA:1614,0
DA:1618,1
DA:1619,0
DA:1621,0
DA:1622,0
DA:1625,0
DA:1626,0
DA:1627,0
DA:1628,0
DA:1629,0
DA:1632,0
DA:1633,0
DA:1636,0
DA:1641,1
DA:1642,0
DA:1644,0
DA:1646,0
DA:1647,0
DA:1648,0
DA:1649,0
DA:1652,0
DA:1653,0
DA:1654,0
DA:1656,0
DA:1662,1
DA:1663,0
DA:1665,0
DA:1667,0
DA:1668,0
DA:1669,0
DA:1670,0
DA:1673,0
DA:1674,0
DA:1680,1
DA:1681,0
DA:1683,0
DA:1684,0
DA:1687,0
DA:1688,0
DA:1689,0
DA:1690,0
DA:1691,0
DA:1694,0
DA:1705,0
DA:1706,0
DA:1709,0
DA:1710,0
DA:1713,0
DA:1714,0
DA:1715,0
DA:1716,0
DA:1719,0
DA:1720,0
DA:1723,0
DA:1729,0
DA:1737,0
DA:1740,0
DA:1746,1
DA:1747,0
DA:1748,0
DA:1749,0
DA:1750,0
DA:1751,0
DA:1753,0
DA:1758,1
DA:1759,0
DA:1760,0
DA:1762,0
DA:1763,0
DA:1764,0
DA:1765,0
DA:1767,0
DA:1773,1
DA:1774,0
DA:1775,0
DA:1781,0
DA:1782,0
DA:1783,0
DA:1784,0
DA:1791,0
DA:1792,0
DA:1793,0
DA:1794,0
DA:1795,0
DA:1799,0
DA:1800,0
DA:1801,0
DA:1803,0
DA:1814,1
DA:1815,0
DA:1816,0
DA:1820,1
LF:762
LH:237
BRDA:31,0,0,0
BRDA:31,0,1,0
BRDA:31,1,0,0
BRDA:31,1,1,0
BRDA:53,2,0,1
BRDA:53,2,1,1
BRDA:70,3,0,0
BRDA:70,3,1,1
BRDA:92,4,0,1
BRDA:92,4,1,1
BRDA:92,5,0,2
BRDA:92,5,1,2
BRDA:92,5,2,2
BRDA:92,5,3,1
BRDA:92,5,4,1
BRDA:92,5,5,1
BRDA:99,6,0,0
BRDA:99,6,1,1
BRDA:104,7,0,1
BRDA:104,7,1,0
BRDA:111,8,0,0
BRDA:111,8,1,0
BRDA:127,9,0,0
BRDA:127,9,1,2
BRDA:132,10,0,1
BRDA:132,10,1,1
BRDA:146,11,0,0
BRDA:146,11,1,0
BRDA:160,12,0,0
BRDA:160,12,1,2
BRDA:171,13,0,0
BRDA:171,13,1,0
BRDA:187,14,0,0
BRDA:187,14,1,0
BRDA:192,15,0,0
BRDA:192,15,1,0
BRDA:205,16,0,0
BRDA:205,16,1,2
BRDA:224,17,0,0
BRDA:224,17,1,2
BRDA:224,18,0,2
BRDA:224,18,1,0
BRDA:230,19,0,0
BRDA:230,19,1,2
BRDA:230,20,0,2
BRDA:230,20,1,0
BRDA:235,21,0,0
BRDA:235,21,1,2
BRDA:241,22,0,0
BRDA:241,22,1,2
BRDA:247,23,0,0
BRDA:247,23,1,2
BRDA:247,24,0,2
BRDA:247,24,1,0
BRDA:282,25,0,0
BRDA:282,25,1,1
BRDA:287,26,0,1
BRDA:287,26,1,0
BRDA:302,27,0,0
BRDA:302,27,1,2
BRDA:307,28,0,2
BRDA:307,28,1,0
BRDA:323,29,0,2
BRDA:323,29,1,1
BRDA:328,30,0,1
BRDA:328,30,1,0
BRDA:349,31,0,0
BRDA:349,31,1,2
BRDA:356,32,0,0
BRDA:356,32,1,2
BRDA:368,33,0,0
BRDA:368,33,1,2
BRDA:368,34,0,2
BRDA:368,34,1,0
BRDA:386,35,0,0
BRDA:386,35,1,2
BRDA:392,36,0,2
BRDA:392,36,1,0
BRDA:500,37,0,1
BRDA:500,37,1,1
BRDA:500,38,0,2
BRDA:500,38,1,2
BRDA:508,39,0,0
BRDA:508,39,1,1
BRDA:513,40,0,0
BRDA:513,40,1,1
BRDA:521,41,0,0
BRDA:521,41,1,1
BRDA:534,42,0,0
BRDA:534,42,1,0
BRDA:534,43,0,0
BRDA:534,43,1,0
BRDA:542,44,0,0
BRDA:542,44,1,0
BRDA:547,45,0,0
BRDA:547,45,1,0
BRDA:555,46,0,0
BRDA:555,46,1,0
BRDA:575,47,0,1
BRDA:575,47,1,1
BRDA:575,48,0,2
BRDA:575,48,1,2
BRDA:575,48,2,2
BRDA:575,48,3,1
BRDA:575,48,4,1
BRDA:581,49,0,0
BRDA:581,49,1,1
BRDA:582,50,0,0
BRDA:582,50,1,1
BRDA:592,51,0,0
BRDA:592,51,1,1
BRDA:610,52,0,0
BRDA:610,52,1,2
BRDA:615,53,0,2
BRDA:615,53,1,0
BRDA:619,54,0,0
BRDA:619,54,1,0
BRDA:625,55,0,0
BRDA:625,55,1,0
BRDA:640,56,0,0
BRDA:640,56,1,2
BRDA:641,57,0,2
BRDA:641,57,1,0
BRDA:643,58,0,0
BRDA:643,58,1,0
BRDA:651,59,0,0
BRDA:651,59,1,0
BRDA:665,60,0,0
BRDA:665,60,1,1
BRDA:670,61,0,0
BRDA:670,61,1,1
BRDA:671,62,0,0
BRDA:671,62,1,1
BRDA:684,63,0,1
BRDA:684,63,1,0
BRDA:684,64,0,1
BRDA:684,64,1,0
BRDA:691,65,0,0
BRDA:691,65,1,1
BRDA:717,66,0,0
BRDA:717,66,1,1
BRDA:722,67,0,1
BRDA:722,67,1,0
BRDA:736,68,0,1
BRDA:736,68,1,1
BRDA:736,69,0,2
BRDA:736,69,1,2
BRDA:736,69,2,2
BRDA:743,70,0,0
BRDA:743,70,1,1
BRDA:748,71,0,1
BRDA:748,71,1,0
BRDA:752,72,0,0
BRDA:752,72,1,0
BRDA:758,73,0,0
BRDA:758,73,1,0
BRDA:763,74,0,0
BRDA:763,74,1,0
BRDA:765,75,0,0
BRDA:765,75,1,0
BRDA:767,76,0,0
BRDA:767,76,1,0
BRDA:772,77,0,0
BRDA:772,77,1,0
BRDA:779,78,0,0
BRDA:779,78,1,0
BRDA:803,79,0,0
BRDA:803,79,1,0
BRDA:814,80,0,0
BRDA:814,80,1,0
BRDA:821,81,0,0
BRDA:821,81,1,0
BRDA:828,82,0,0
BRDA:828,82,1,0
BRDA:845,83,0,0
BRDA:845,83,1,0
BRDA:858,84,0,0
BRDA:858,84,1,0
BRDA:863,85,0,0
BRDA:863,85,1,0
BRDA:887,86,0,0
BRDA:887,86,1,0
BRDA:893,87,0,0
BRDA:893,87,1,0
BRDA:893,88,0,0
BRDA:893,88,1,0
BRDA:930,89,0,0
BRDA:930,89,1,0
BRDA:930,90,0,0
BRDA:930,90,1,0
BRDA:930,90,2,0
BRDA:930,90,3,0
BRDA:942,91,0,0
BRDA:942,91,1,0
BRDA:969,92,0,0
BRDA:969,92,1,0
BRDA:969,93,0,0
BRDA:969,93,1,0
BRDA:969,93,2,0
BRDA:969,93,3,0
BRDA:969,93,4,0
BRDA:977,94,0,0
BRDA:977,94,1,0
BRDA:981,95,0,0
BRDA:981,95,1,0
BRDA:985,96,0,0
BRDA:985,96,1,0
BRDA:989,97,0,0
BRDA:989,97,1,0
BRDA:993,98,0,0
BRDA:993,98,1,0
BRDA:1007,99,0,0
BRDA:1007,99,1,0
BRDA:1014,100,0,0
BRDA:1014,100,1,0
BRDA:1030,101,0,0
BRDA:1030,101,1,0
BRDA:1037,102,0,0
BRDA:1037,102,1,0
BRDA:1044,103,0,0
BRDA:1044,103,1,0
BRDA:1069,104,0,0
BRDA:1069,104,1,0
BRDA:1074,105,0,0
BRDA:1074,105,1,0
BRDA:1096,106,0,0
BRDA:1096,106,1,0
BRDA:1120,107,0,0
BRDA:1120,107,1,0
BRDA:1127,108,0,0
BRDA:1127,108,1,0
BRDA:1160,109,0,0
BRDA:1160,109,1,0
BRDA:1182,110,0,0
BRDA:1182,110,1,0
BRDA:1182,111,0,0
BRDA:1182,111,1,0
BRDA:1190,112,0,0
BRDA:1190,112,1,0
BRDA:1195,113,0,0
BRDA:1195,113,1,0
BRDA:1208,114,0,0
BRDA:1208,114,1,0
BRDA:1219,115,0,0
BRDA:1219,115,1,0
BRDA:1224,116,0,0
BRDA:1224,116,1,0
BRDA:1237,117,0,0
BRDA:1237,117,1,0
BRDA:1269,118,0,0
BRDA:1269,118,1,0
BRDA:1275,119,0,0
BRDA:1275,119,1,0
BRDA:1282,120,0,0
BRDA:1282,120,1,0
BRDA:1282,121,0,0
BRDA:1282,121,1,0
BRDA:1292,122,0,0
BRDA:1292,122,1,0
BRDA:1292,123,0,0
BRDA:1292,123,1,0
BRDA:1300,124,0,0
BRDA:1300,124,1,0
BRDA:1300,125,0,0
BRDA:1300,125,1,0
BRDA:1310,126,0,0
BRDA:1310,126,1,0
BRDA:1317,127,0,0
BRDA:1317,127,1,0
BRDA:1359,128,0,0
BRDA:1359,128,1,0
BRDA:1366,129,0,0
BRDA:1366,129,1,0
BRDA:1381,130,0,0
BRDA:1381,130,1,0
BRDA:1381,131,0,0
BRDA:1381,131,1,0
BRDA:1381,131,2,0
BRDA:1389,132,0,0
BRDA:1389,132,1,0
BRDA:1393,133,0,0
BRDA:1393,133,1,0
BRDA:1397,134,0,0
BRDA:1397,134,1,0
BRDA:1411,135,0,0
BRDA:1411,135,1,0
BRDA:1418,136,0,0
BRDA:1418,136,1,0
BRDA:1434,137,0,0
BRDA:1434,137,1,0
BRDA:1441,138,0,0
BRDA:1441,138,1,0
BRDA:1448,139,0,0
BRDA:1448,139,1,0
BRDA:1476,140,0,0
BRDA:1476,140,1,0
BRDA:1507,141,0,0
BRDA:1507,141,1,0
BRDA:1514,142,0,0
BRDA:1514,142,1,0
BRDA:1538,143,0,0
BRDA:1538,143,1,0
BRDA:1545,144,0,0
BRDA:1545,144,1,0
BRDA:1558,145,0,0
BRDA:1558,146,0,0
BRDA:1568,147,0,0
BRDA:1568,147,1,0
BRDA:1593,148,0,0
BRDA:1593,148,1,0
BRDA:1593,149,0,0
BRDA:1593,149,1,0
BRDA:1593,149,2,0
BRDA:1603,150,0,0
BRDA:1603,150,1,0
BRDA:1621,151,0,0
BRDA:1621,151,1,0
BRDA:1627,152,0,0
BRDA:1627,152,1,0
BRDA:1632,153,0,0
BRDA:1632,153,1,0
BRDA:1647,154,0,0
BRDA:1647,154,1,0
BRDA:1652,155,0,0
BRDA:1652,155,1,0
BRDA:1668,156,0,0
BRDA:1668,156,1,0
BRDA:1683,157,0,0
BRDA:1683,157,1,0
BRDA:1683,158,0,0
BRDA:1683,158,1,0
BRDA:1683,158,2,0
BRDA:1689,159,0,0
BRDA:1689,159,1,0
BRDA:1709,160,0,0
BRDA:1709,160,1,0
BRDA:1714,161,0,0
BRDA:1714,161,1,0
BRDA:1749,162,0,0
BRDA:1749,162,1,0
BRDA:1763,163,0,0
BRDA:1763,163,1,0
BRDA:1783,164,0,0
BRDA:1783,164,1,0
BRDA:1783,165,0,0
BRDA:1783,165,1,0
BRDA:1793,166,0,0
BRDA:1793,166,1,0
BRDA:1800,167,0,0
BRDA:1800,167,1,0
BRDA:1814,168,0,0
BRDA:1814,168,1,1
BRF:352
BRH:76
end_of_record
